<?xml version="1.0" encoding="UTF-8" standalone="no"?>
<testsuite errors="0" failures="0" name="io.cucumber.core.plugin.JUnitFormatter" skipped="0" tests="3" time="50.867">
    <testcase classname="NewSCD functional test" name="verify title of new SCD login page" time="17.392">
        <system-out><![CDATA[Given launch new SCD url....................................................passed
When check title of login page..............................................passed
Then verify actual title with expected title of New SCD login page..........passed
]]></system-out>
    </testcase>
    <testcase classname="NewSCD functional test" name="verify new SCD login functionalty with Negative Login Credentials" time="18.408">
        <system-out><![CDATA[Given user click on New SCD username text field.............................passed
When user enters invalid username and password..............................passed
And click on sign in button to login into New SCD...........................passed
And user refresh the login page.............................................passed
Then user enters valid username and password................................passed
And user click on sign in button to login into New SCD......................passed
]]></system-out>
    </testcase>
    <testcase classname="NewSCD functional test" name="Assign Binder to Verification" time="13.707">
        <system-out><![CDATA[Given login New SCD with Verification Team Lead.............................passed
And click on Activity button................................................passed
When Search for Team Lead Assignment queue link and click on it.............passed
And Click on Add Verifiers link.............................................passed
And Add Verifier into Verifier List pane....................................passed
And Select an UnAssigned Binder and select Verifier.........................passed
Then click on Binder Assignment button......................................passed
]]></system-out>
    </testcase>
</testsuite>
