<?xml version="1.0" encoding="UTF-8" standalone="no"?>
<testsuite errors="0" failures="0" name="io.cucumber.core.plugin.JUnitFormatter" skipped="0" tests="3" time="169.372">
    <testcase classname="NewSCD functional test" name="verify title of new SCD login page" time="30.743">
        <system-out><![CDATA[Given launch new SCD url....................................................passed
When check title of login page..............................................passed
Then verify actual title with expected title of New SCD login page..........passed
]]></system-out>
    </testcase>
    <testcase classname="NewSCD functional test" name="verify new SCD login functionalty with Negative Login Credentials" time="23.013">
        <system-out><![CDATA[Given user click on New SCD username text field.............................passed
When user enters invalid username and password..............................passed
And click on sign in button to login into New SCD...........................passed
And user refresh the login page.............................................passed
Then user enters valid username and password................................passed
And user click on sign in button to login into New SCD......................passed
]]></system-out>
    </testcase>
    <testcase classname="NewSCD functional test" name="Assign Binder to Team Lead" time="114.537">
        <system-out><![CDATA[Given login New SCD with Verification Manager...............................passed
And click on NewSCD Activity button.........................................passed
When Search for Manager Assignment queue link and click on it...............passed
And Click on Add Team Leads link............................................passed
And Add Team Lead into Team Lead List pane..................................passed
And Select an UnAssigned Binder and select Team Lead........................passed
Then click on Assign button.................................................passed
]]></system-out>
    </testcase>
</testsuite>
